INFO:django.utils.autoreload: Watching for file changes with StatReloader (2020-10-10 19:36:44; autoreload.py:598)
WARNING:django.request: Not Found: /ru/ (2020-10-10 19:37:14; log.py:228)
WARNING:django.request: Not Found: /ru/ (2020-10-10 19:37:22; log.py:228)
WARNING:django.request: Not Found: /en/category/ (2020-10-10 19:37:25; log.py:228)
WARNING:django.request: Not Found: /category/ (2020-10-10 19:37:31; log.py:228)
INFO:django.utils.autoreload: Watching for file changes with StatReloader (2020-10-10 19:38:27; autoreload.py:598)
ERROR:django.request: Internal Server Error: /category/ (2020-10-10 19:38:30; log.py:228)
Traceback (most recent call last):
  File "C:\WORK\200525-proshop\proshop-env\lib\site-packages\django\template\base.py", line 828, in _resolve_lookup
    current = current[bit]
TypeError: 'Category' object is not subscriptable

During handling of the above exception, another exception occurred:

Traceback (most recent call last):
  File "C:\WORK\200525-proshop\proshop-env\lib\site-packages\django\core\handlers\exception.py", line 34, in inner
    response = get_response(request)
  File "C:\WORK\200525-proshop\proshop-env\lib\site-packages\django\core\handlers\base.py", line 145, in _get_response
    response = self.process_exception_by_middleware(e, request)
  File "C:\WORK\200525-proshop\proshop-env\lib\site-packages\django\core\handlers\base.py", line 143, in _get_response
    response = response.render()
  File "C:\WORK\200525-proshop\proshop-env\lib\site-packages\django\template\response.py", line 105, in render
    self.content = self.rendered_content
  File "C:\WORK\200525-proshop\proshop-env\lib\site-packages\django\template\response.py", line 83, in rendered_content
    return template.render(context, self._request)
  File "C:\WORK\200525-proshop\proshop-env\lib\site-packages\django\template\backends\django.py", line 61, in render
    return self.template.render(context)
  File "C:\WORK\200525-proshop\proshop-env\lib\site-packages\django\template\base.py", line 171, in render
    return self._render(context)
  File "C:\WORK\200525-proshop\proshop-env\lib\site-packages\django\test\utils.py", line 95, in instrumented_test_render
    return self.nodelist.render(context)
  File "C:\WORK\200525-proshop\proshop-env\lib\site-packages\django\template\base.py", line 936, in render
    bit = node.render_annotated(context)
  File "C:\WORK\200525-proshop\proshop-env\lib\site-packages\django\template\base.py", line 903, in render_annotated
    return self.render(context)
  File "C:\WORK\200525-proshop\proshop-env\lib\site-packages\django\template\loader_tags.py", line 150, in render
    return compiled_parent._render(context)
  File "C:\WORK\200525-proshop\proshop-env\lib\site-packages\django\test\utils.py", line 95, in instrumented_test_render
    return self.nodelist.render(context)
  File "C:\WORK\200525-proshop\proshop-env\lib\site-packages\django\template\base.py", line 936, in render
    bit = node.render_annotated(context)
  File "C:\WORK\200525-proshop\proshop-env\lib\site-packages\django\template\base.py", line 903, in render_annotated
    return self.render(context)
  File "C:\WORK\200525-proshop\proshop-env\lib\site-packages\django\template\loader_tags.py", line 62, in render
    result = block.nodelist.render(context)
  File "C:\WORK\200525-proshop\proshop-env\lib\site-packages\django\template\base.py", line 936, in render
    bit = node.render_annotated(context)
  File "C:\WORK\200525-proshop\proshop-env\lib\site-packages\django\template\base.py", line 903, in render_annotated
    return self.render(context)
  File "C:\WORK\200525-proshop\proshop-env\lib\site-packages\django\template\base.py", line 986, in render
    output = self.filter_expression.resolve(context)
  File "C:\WORK\200525-proshop\proshop-env\lib\site-packages\django\template\base.py", line 670, in resolve
    obj = self.var.resolve(context)
  File "C:\WORK\200525-proshop\proshop-env\lib\site-packages\django\template\base.py", line 795, in resolve
    value = self._resolve_lookup(context)
  File "C:\WORK\200525-proshop\proshop-env\lib\site-packages\django\template\base.py", line 836, in _resolve_lookup
    current = getattr(current, bit)
  File "C:\WORK\200525-proshop\proshop\store\models\categories.py", line 339, in <lambda>
    lambda self : self.descendants_tree_node.mptt_right > self.descendants_tree_node.mptt_left + 1
  File "C:\WORK\200525-proshop\proshop-env\lib\site-packages\cached_property.py", line 35, in __get__
    value = obj.__dict__[self.func.__name__] = self.func(obj)
  File "C:\WORK\200525-proshop\proshop\store\models\categories.py", line 334, in descendants_tree_node
    assert(res)
AssertionError
ERROR:django.request: Internal Server Error: /category/ (2020-10-10 19:38:41; log.py:228)
Traceback (most recent call last):
  File "C:\WORK\200525-proshop\proshop-env\lib\site-packages\django\template\base.py", line 828, in _resolve_lookup
    current = current[bit]
TypeError: 'Category' object is not subscriptable

During handling of the above exception, another exception occurred:

Traceback (most recent call last):
  File "C:\WORK\200525-proshop\proshop-env\lib\site-packages\django\core\handlers\exception.py", line 34, in inner
    response = get_response(request)
  File "C:\WORK\200525-proshop\proshop-env\lib\site-packages\django\core\handlers\base.py", line 145, in _get_response
    response = self.process_exception_by_middleware(e, request)
  File "C:\WORK\200525-proshop\proshop-env\lib\site-packages\django\core\handlers\base.py", line 143, in _get_response
    response = response.render()
  File "C:\WORK\200525-proshop\proshop-env\lib\site-packages\django\template\response.py", line 105, in render
    self.content = self.rendered_content
  File "C:\WORK\200525-proshop\proshop-env\lib\site-packages\django\template\response.py", line 83, in rendered_content
    return template.render(context, self._request)
  File "C:\WORK\200525-proshop\proshop-env\lib\site-packages\django\template\backends\django.py", line 61, in render
    return self.template.render(context)
  File "C:\WORK\200525-proshop\proshop-env\lib\site-packages\django\template\base.py", line 171, in render
    return self._render(context)
  File "C:\WORK\200525-proshop\proshop-env\lib\site-packages\django\test\utils.py", line 95, in instrumented_test_render
    return self.nodelist.render(context)
  File "C:\WORK\200525-proshop\proshop-env\lib\site-packages\django\template\base.py", line 936, in render
    bit = node.render_annotated(context)
  File "C:\WORK\200525-proshop\proshop-env\lib\site-packages\django\template\base.py", line 903, in render_annotated
    return self.render(context)
  File "C:\WORK\200525-proshop\proshop-env\lib\site-packages\django\template\loader_tags.py", line 150, in render
    return compiled_parent._render(context)
  File "C:\WORK\200525-proshop\proshop-env\lib\site-packages\django\test\utils.py", line 95, in instrumented_test_render
    return self.nodelist.render(context)
  File "C:\WORK\200525-proshop\proshop-env\lib\site-packages\django\template\base.py", line 936, in render
    bit = node.render_annotated(context)
  File "C:\WORK\200525-proshop\proshop-env\lib\site-packages\django\template\base.py", line 903, in render_annotated
    return self.render(context)
  File "C:\WORK\200525-proshop\proshop-env\lib\site-packages\django\template\loader_tags.py", line 62, in render
    result = block.nodelist.render(context)
  File "C:\WORK\200525-proshop\proshop-env\lib\site-packages\django\template\base.py", line 936, in render
    bit = node.render_annotated(context)
  File "C:\WORK\200525-proshop\proshop-env\lib\site-packages\django\template\base.py", line 903, in render_annotated
    return self.render(context)
  File "C:\WORK\200525-proshop\proshop-env\lib\site-packages\django\template\base.py", line 986, in render
    output = self.filter_expression.resolve(context)
  File "C:\WORK\200525-proshop\proshop-env\lib\site-packages\django\template\base.py", line 670, in resolve
    obj = self.var.resolve(context)
  File "C:\WORK\200525-proshop\proshop-env\lib\site-packages\django\template\base.py", line 795, in resolve
    value = self._resolve_lookup(context)
  File "C:\WORK\200525-proshop\proshop-env\lib\site-packages\django\template\base.py", line 836, in _resolve_lookup
    current = getattr(current, bit)
  File "C:\WORK\200525-proshop\proshop\store\models\categories.py", line 339, in <lambda>
    lambda self : self.descendants_tree_node.mptt_right > self.descendants_tree_node.mptt_left + 1
  File "C:\WORK\200525-proshop\proshop-env\lib\site-packages\cached_property.py", line 35, in __get__
    value = obj.__dict__[self.func.__name__] = self.func(obj)
  File "C:\WORK\200525-proshop\proshop\store\models\categories.py", line 334, in descendants_tree_node
    assert(res)
AssertionError
ERROR:django.request: Internal Server Error: /en/category/ (2020-10-10 19:38:53; log.py:228)
Traceback (most recent call last):
  File "C:\WORK\200525-proshop\proshop-env\lib\site-packages\django\template\base.py", line 828, in _resolve_lookup
    current = current[bit]
TypeError: 'Category' object is not subscriptable

During handling of the above exception, another exception occurred:

Traceback (most recent call last):
  File "C:\WORK\200525-proshop\proshop-env\lib\site-packages\django\core\handlers\exception.py", line 34, in inner
    response = get_response(request)
  File "C:\WORK\200525-proshop\proshop-env\lib\site-packages\django\core\handlers\base.py", line 145, in _get_response
    response = self.process_exception_by_middleware(e, request)
  File "C:\WORK\200525-proshop\proshop-env\lib\site-packages\django\core\handlers\base.py", line 143, in _get_response
    response = response.render()
  File "C:\WORK\200525-proshop\proshop-env\lib\site-packages\django\template\response.py", line 105, in render
    self.content = self.rendered_content
  File "C:\WORK\200525-proshop\proshop-env\lib\site-packages\django\template\response.py", line 83, in rendered_content
    return template.render(context, self._request)
  File "C:\WORK\200525-proshop\proshop-env\lib\site-packages\django\template\backends\django.py", line 61, in render
    return self.template.render(context)
  File "C:\WORK\200525-proshop\proshop-env\lib\site-packages\django\template\base.py", line 171, in render
    return self._render(context)
  File "C:\WORK\200525-proshop\proshop-env\lib\site-packages\django\test\utils.py", line 95, in instrumented_test_render
    return self.nodelist.render(context)
  File "C:\WORK\200525-proshop\proshop-env\lib\site-packages\django\template\base.py", line 936, in render
    bit = node.render_annotated(context)
  File "C:\WORK\200525-proshop\proshop-env\lib\site-packages\django\template\base.py", line 903, in render_annotated
    return self.render(context)
  File "C:\WORK\200525-proshop\proshop-env\lib\site-packages\django\template\loader_tags.py", line 150, in render
    return compiled_parent._render(context)
  File "C:\WORK\200525-proshop\proshop-env\lib\site-packages\django\test\utils.py", line 95, in instrumented_test_render
    return self.nodelist.render(context)
  File "C:\WORK\200525-proshop\proshop-env\lib\site-packages\django\template\base.py", line 936, in render
    bit = node.render_annotated(context)
  File "C:\WORK\200525-proshop\proshop-env\lib\site-packages\django\template\base.py", line 903, in render_annotated
    return self.render(context)
  File "C:\WORK\200525-proshop\proshop-env\lib\site-packages\django\template\loader_tags.py", line 62, in render
    result = block.nodelist.render(context)
  File "C:\WORK\200525-proshop\proshop-env\lib\site-packages\django\template\base.py", line 936, in render
    bit = node.render_annotated(context)
  File "C:\WORK\200525-proshop\proshop-env\lib\site-packages\django\template\base.py", line 903, in render_annotated
    return self.render(context)
  File "C:\WORK\200525-proshop\proshop-env\lib\site-packages\django\template\base.py", line 986, in render
    output = self.filter_expression.resolve(context)
  File "C:\WORK\200525-proshop\proshop-env\lib\site-packages\django\template\base.py", line 670, in resolve
    obj = self.var.resolve(context)
  File "C:\WORK\200525-proshop\proshop-env\lib\site-packages\django\template\base.py", line 795, in resolve
    value = self._resolve_lookup(context)
  File "C:\WORK\200525-proshop\proshop-env\lib\site-packages\django\template\base.py", line 836, in _resolve_lookup
    current = getattr(current, bit)
  File "C:\WORK\200525-proshop\proshop\store\models\categories.py", line 339, in <lambda>
    lambda self : self.descendants_tree_node.mptt_right > self.descendants_tree_node.mptt_left + 1
  File "C:\WORK\200525-proshop\proshop-env\lib\site-packages\cached_property.py", line 35, in __get__
    value = obj.__dict__[self.func.__name__] = self.func(obj)
  File "C:\WORK\200525-proshop\proshop\store\models\categories.py", line 334, in descendants_tree_node
    assert(res)
AssertionError
WARNING:django.request: Not Found: /ru/ (2020-10-10 19:39:20; log.py:228)
ERROR:django.request: Internal Server Error: /category/ (2020-10-10 19:39:24; log.py:228)
Traceback (most recent call last):
  File "C:\WORK\200525-proshop\proshop-env\lib\site-packages\django\template\base.py", line 828, in _resolve_lookup
    current = current[bit]
TypeError: 'Category' object is not subscriptable

During handling of the above exception, another exception occurred:

Traceback (most recent call last):
  File "C:\WORK\200525-proshop\proshop-env\lib\site-packages\django\core\handlers\exception.py", line 34, in inner
    response = get_response(request)
  File "C:\WORK\200525-proshop\proshop-env\lib\site-packages\django\core\handlers\base.py", line 145, in _get_response
    response = self.process_exception_by_middleware(e, request)
  File "C:\WORK\200525-proshop\proshop-env\lib\site-packages\django\core\handlers\base.py", line 143, in _get_response
    response = response.render()
  File "C:\WORK\200525-proshop\proshop-env\lib\site-packages\django\template\response.py", line 105, in render
    self.content = self.rendered_content
  File "C:\WORK\200525-proshop\proshop-env\lib\site-packages\django\template\response.py", line 83, in rendered_content
    return template.render(context, self._request)
  File "C:\WORK\200525-proshop\proshop-env\lib\site-packages\django\template\backends\django.py", line 61, in render
    return self.template.render(context)
  File "C:\WORK\200525-proshop\proshop-env\lib\site-packages\django\template\base.py", line 171, in render
    return self._render(context)
  File "C:\WORK\200525-proshop\proshop-env\lib\site-packages\django\test\utils.py", line 95, in instrumented_test_render
    return self.nodelist.render(context)
  File "C:\WORK\200525-proshop\proshop-env\lib\site-packages\django\template\base.py", line 936, in render
    bit = node.render_annotated(context)
  File "C:\WORK\200525-proshop\proshop-env\lib\site-packages\django\template\base.py", line 903, in render_annotated
    return self.render(context)
  File "C:\WORK\200525-proshop\proshop-env\lib\site-packages\django\template\loader_tags.py", line 150, in render
    return compiled_parent._render(context)
  File "C:\WORK\200525-proshop\proshop-env\lib\site-packages\django\test\utils.py", line 95, in instrumented_test_render
    return self.nodelist.render(context)
  File "C:\WORK\200525-proshop\proshop-env\lib\site-packages\django\template\base.py", line 936, in render
    bit = node.render_annotated(context)
  File "C:\WORK\200525-proshop\proshop-env\lib\site-packages\django\template\base.py", line 903, in render_annotated
    return self.render(context)
  File "C:\WORK\200525-proshop\proshop-env\lib\site-packages\django\template\loader_tags.py", line 62, in render
    result = block.nodelist.render(context)
  File "C:\WORK\200525-proshop\proshop-env\lib\site-packages\django\template\base.py", line 936, in render
    bit = node.render_annotated(context)
  File "C:\WORK\200525-proshop\proshop-env\lib\site-packages\django\template\base.py", line 903, in render_annotated
    return self.render(context)
  File "C:\WORK\200525-proshop\proshop-env\lib\site-packages\django\template\base.py", line 986, in render
    output = self.filter_expression.resolve(context)
  File "C:\WORK\200525-proshop\proshop-env\lib\site-packages\django\template\base.py", line 670, in resolve
    obj = self.var.resolve(context)
  File "C:\WORK\200525-proshop\proshop-env\lib\site-packages\django\template\base.py", line 795, in resolve
    value = self._resolve_lookup(context)
  File "C:\WORK\200525-proshop\proshop-env\lib\site-packages\django\template\base.py", line 836, in _resolve_lookup
    current = getattr(current, bit)
  File "C:\WORK\200525-proshop\proshop\store\models\categories.py", line 339, in <lambda>
    lambda self : self.descendants_tree_node.mptt_right > self.descendants_tree_node.mptt_left + 1
  File "C:\WORK\200525-proshop\proshop-env\lib\site-packages\cached_property.py", line 35, in __get__
    value = obj.__dict__[self.func.__name__] = self.func(obj)
  File "C:\WORK\200525-proshop\proshop\store\models\categories.py", line 334, in descendants_tree_node
    assert(res)
AssertionError
INFO:django.utils.autoreload: C:\WORK\200525-proshop\proshop\store\models\simple_entites.py changed, reloading. (2020-10-10 21:26:17; autoreload.py:222)
INFO:django.utils.autoreload: Watching for file changes with StatReloader (2020-10-10 21:26:21; autoreload.py:598)
INFO:django.utils.autoreload: C:\WORK\200525-proshop\proshop\store\models\simple_entites.py changed, reloading. (2020-10-10 21:44:57; autoreload.py:222)
INFO:django.utils.autoreload: Watching for file changes with StatReloader (2020-10-10 21:44:59; autoreload.py:598)
INFO:django.utils.autoreload: C:\WORK\200525-proshop\proshop\store\models\simple_entites.py changed, reloading. (2020-10-10 21:45:47; autoreload.py:222)
INFO:django.utils.autoreload: Watching for file changes with StatReloader (2020-10-10 21:45:49; autoreload.py:598)
INFO:django.utils.autoreload: C:\WORK\200525-proshop\proshop\store\models\simple_entites.py changed, reloading. (2020-10-10 21:50:32; autoreload.py:222)
INFO:django.utils.autoreload: Watching for file changes with StatReloader (2020-10-10 21:50:35; autoreload.py:598)
INFO:django.utils.autoreload: C:\WORK\200525-proshop\proshop\store\models\simple_entites.py changed, reloading. (2020-10-10 21:51:35; autoreload.py:222)
INFO:django.utils.autoreload: Watching for file changes with StatReloader (2020-10-10 21:51:38; autoreload.py:598)
INFO:django.utils.autoreload: C:\WORK\200525-proshop\proshop\store\models\simple_entites.py changed, reloading. (2020-10-10 21:58:20; autoreload.py:222)
INFO:django.utils.autoreload: Watching for file changes with StatReloader (2020-10-10 21:58:22; autoreload.py:598)
INFO:django.utils.autoreload: Watching for file changes with StatReloader (2020-10-10 22:08:32; autoreload.py:598)
INFO:django.utils.autoreload: Watching for file changes with StatReloader (2020-10-10 22:10:07; autoreload.py:598)
INFO:django.utils.autoreload: C:\WORK\200525-proshop\proshop\store\models\categories.py changed, reloading. (2020-10-10 22:33:55; autoreload.py:222)
INFO:django.utils.autoreload: Watching for file changes with StatReloader (2020-10-10 22:33:57; autoreload.py:598)
INFO:django.utils.autoreload: Watching for file changes with StatReloader (2020-10-10 23:28:41; autoreload.py:598)
ERROR:django.request: Internal Server Error: /category/ (2020-10-10 23:28:45; log.py:228)
Traceback (most recent call last):
  File "C:\WORK\200525-proshop\proshop-env\lib\site-packages\django\template\base.py", line 828, in _resolve_lookup
    current = current[bit]
TypeError: 'Category' object is not subscriptable

During handling of the above exception, another exception occurred:

Traceback (most recent call last):
  File "C:\WORK\200525-proshop\proshop-env\lib\site-packages\django\core\handlers\exception.py", line 34, in inner
    response = get_response(request)
  File "C:\WORK\200525-proshop\proshop-env\lib\site-packages\django\core\handlers\base.py", line 145, in _get_response
    response = self.process_exception_by_middleware(e, request)
  File "C:\WORK\200525-proshop\proshop-env\lib\site-packages\django\core\handlers\base.py", line 143, in _get_response
    response = response.render()
  File "C:\WORK\200525-proshop\proshop-env\lib\site-packages\django\template\response.py", line 105, in render
    self.content = self.rendered_content
  File "C:\WORK\200525-proshop\proshop-env\lib\site-packages\django\template\response.py", line 83, in rendered_content
    return template.render(context, self._request)
  File "C:\WORK\200525-proshop\proshop-env\lib\site-packages\django\template\backends\django.py", line 61, in render
    return self.template.render(context)
  File "C:\WORK\200525-proshop\proshop-env\lib\site-packages\django\template\base.py", line 171, in render
    return self._render(context)
  File "C:\WORK\200525-proshop\proshop-env\lib\site-packages\django\test\utils.py", line 95, in instrumented_test_render
    return self.nodelist.render(context)
  File "C:\WORK\200525-proshop\proshop-env\lib\site-packages\django\template\base.py", line 936, in render
    bit = node.render_annotated(context)
  File "C:\WORK\200525-proshop\proshop-env\lib\site-packages\django\template\base.py", line 903, in render_annotated
    return self.render(context)
  File "C:\WORK\200525-proshop\proshop-env\lib\site-packages\django\template\loader_tags.py", line 150, in render
    return compiled_parent._render(context)
  File "C:\WORK\200525-proshop\proshop-env\lib\site-packages\django\test\utils.py", line 95, in instrumented_test_render
    return self.nodelist.render(context)
  File "C:\WORK\200525-proshop\proshop-env\lib\site-packages\django\template\base.py", line 936, in render
    bit = node.render_annotated(context)
  File "C:\WORK\200525-proshop\proshop-env\lib\site-packages\django\template\base.py", line 903, in render_annotated
    return self.render(context)
  File "C:\WORK\200525-proshop\proshop-env\lib\site-packages\django\template\loader_tags.py", line 62, in render
    result = block.nodelist.render(context)
  File "C:\WORK\200525-proshop\proshop-env\lib\site-packages\django\template\base.py", line 936, in render
    bit = node.render_annotated(context)
  File "C:\WORK\200525-proshop\proshop-env\lib\site-packages\django\template\base.py", line 903, in render_annotated
    return self.render(context)
  File "C:\WORK\200525-proshop\proshop-env\lib\site-packages\django\template\base.py", line 986, in render
    output = self.filter_expression.resolve(context)
  File "C:\WORK\200525-proshop\proshop-env\lib\site-packages\django\template\base.py", line 670, in resolve
    obj = self.var.resolve(context)
  File "C:\WORK\200525-proshop\proshop-env\lib\site-packages\django\template\base.py", line 795, in resolve
    value = self._resolve_lookup(context)
  File "C:\WORK\200525-proshop\proshop-env\lib\site-packages\django\template\base.py", line 836, in _resolve_lookup
    current = getattr(current, bit)
  File "C:\WORK\200525-proshop\proshop\store\models\categories.py", line 343, in <lambda>
    lambda self : self.descendants_tree_node.mptt_right > self.descendants_tree_node.mptt_left + 1
  File "C:\WORK\200525-proshop\proshop-env\lib\site-packages\cached_property.py", line 35, in __get__
    value = obj.__dict__[self.func.__name__] = self.func(obj)
  File "C:\WORK\200525-proshop\proshop\store\models\categories.py", line 338, in descendants_tree_node
    assert(res)
AssertionError
ERROR:django.request: Internal Server Error: /category/ (2020-10-10 23:28:45; log.py:228)
Traceback (most recent call last):
  File "C:\WORK\200525-proshop\proshop-env\lib\site-packages\django\template\base.py", line 828, in _resolve_lookup
    current = current[bit]
TypeError: 'Category' object is not subscriptable

During handling of the above exception, another exception occurred:

Traceback (most recent call last):
  File "C:\WORK\200525-proshop\proshop-env\lib\site-packages\django\core\handlers\exception.py", line 34, in inner
    response = get_response(request)
  File "C:\WORK\200525-proshop\proshop-env\lib\site-packages\django\core\handlers\base.py", line 145, in _get_response
    response = self.process_exception_by_middleware(e, request)
  File "C:\WORK\200525-proshop\proshop-env\lib\site-packages\django\core\handlers\base.py", line 143, in _get_response
    response = response.render()
  File "C:\WORK\200525-proshop\proshop-env\lib\site-packages\django\template\response.py", line 105, in render
    self.content = self.rendered_content
  File "C:\WORK\200525-proshop\proshop-env\lib\site-packages\django\template\response.py", line 83, in rendered_content
    return template.render(context, self._request)
  File "C:\WORK\200525-proshop\proshop-env\lib\site-packages\django\template\backends\django.py", line 61, in render
    return self.template.render(context)
  File "C:\WORK\200525-proshop\proshop-env\lib\site-packages\django\template\base.py", line 171, in render
    return self._render(context)
  File "C:\WORK\200525-proshop\proshop-env\lib\site-packages\django\test\utils.py", line 95, in instrumented_test_render
    return self.nodelist.render(context)
  File "C:\WORK\200525-proshop\proshop-env\lib\site-packages\django\template\base.py", line 936, in render
    bit = node.render_annotated(context)
  File "C:\WORK\200525-proshop\proshop-env\lib\site-packages\django\template\base.py", line 903, in render_annotated
    return self.render(context)
  File "C:\WORK\200525-proshop\proshop-env\lib\site-packages\django\template\loader_tags.py", line 150, in render
    return compiled_parent._render(context)
  File "C:\WORK\200525-proshop\proshop-env\lib\site-packages\django\test\utils.py", line 95, in instrumented_test_render
    return self.nodelist.render(context)
  File "C:\WORK\200525-proshop\proshop-env\lib\site-packages\django\template\base.py", line 936, in render
    bit = node.render_annotated(context)
  File "C:\WORK\200525-proshop\proshop-env\lib\site-packages\django\template\base.py", line 903, in render_annotated
    return self.render(context)
  File "C:\WORK\200525-proshop\proshop-env\lib\site-packages\django\template\loader_tags.py", line 62, in render
    result = block.nodelist.render(context)
  File "C:\WORK\200525-proshop\proshop-env\lib\site-packages\django\template\base.py", line 936, in render
    bit = node.render_annotated(context)
  File "C:\WORK\200525-proshop\proshop-env\lib\site-packages\django\template\base.py", line 903, in render_annotated
    return self.render(context)
  File "C:\WORK\200525-proshop\proshop-env\lib\site-packages\django\template\base.py", line 986, in render
    output = self.filter_expression.resolve(context)
  File "C:\WORK\200525-proshop\proshop-env\lib\site-packages\django\template\base.py", line 670, in resolve
    obj = self.var.resolve(context)
  File "C:\WORK\200525-proshop\proshop-env\lib\site-packages\django\template\base.py", line 795, in resolve
    value = self._resolve_lookup(context)
  File "C:\WORK\200525-proshop\proshop-env\lib\site-packages\django\template\base.py", line 836, in _resolve_lookup
    current = getattr(current, bit)
  File "C:\WORK\200525-proshop\proshop\store\models\categories.py", line 343, in <lambda>
    lambda self : self.descendants_tree_node.mptt_right > self.descendants_tree_node.mptt_left + 1
  File "C:\WORK\200525-proshop\proshop-env\lib\site-packages\cached_property.py", line 35, in __get__
    value = obj.__dict__[self.func.__name__] = self.func(obj)
  File "C:\WORK\200525-proshop\proshop\store\models\categories.py", line 338, in descendants_tree_node
    assert(res)
AssertionError
INFO:django.utils.autoreload: Watching for file changes with StatReloader (2020-10-10 23:29:39; autoreload.py:598)
INFO:django.utils.autoreload: Watching for file changes with StatReloader (2020-10-10 23:31:42; autoreload.py:598)
INFO:django.utils.autoreload: Watching for file changes with StatReloader (2020-10-10 23:32:28; autoreload.py:598)
INFO:django.utils.autoreload: C:\WORK\200525-proshop\proshop\store\models\brands.py changed, reloading. (2020-10-10 23:35:15; autoreload.py:222)
INFO:django.utils.autoreload: Watching for file changes with StatReloader (2020-10-10 23:35:17; autoreload.py:598)
INFO:django.utils.autoreload: C:\WORK\200525-proshop\proshop\store\models\characters.py changed, reloading. (2020-10-10 23:47:11; autoreload.py:222)
INFO:django.utils.autoreload: Watching for file changes with StatReloader (2020-10-10 23:47:12; autoreload.py:598)
INFO:django.utils.autoreload: Watching for file changes with StatReloader (2020-10-11 01:05:53; autoreload.py:598)
INFO:django.utils.autoreload: C:\WORK\200525-proshop\proshop\store\models\characters.py changed, reloading. (2020-10-11 01:08:04; autoreload.py:222)
INFO:django.utils.autoreload: Watching for file changes with StatReloader (2020-10-11 01:08:06; autoreload.py:598)
INFO:django.utils.autoreload: Watching for file changes with StatReloader (2020-10-12 19:58:29; autoreload.py:598)
WARNING:django.request: Not Found: /favicon.ico (2020-10-12 19:58:36; log.py:228)
WARNING:django.request: Not Found: /favicon.ico (2020-10-12 19:59:21; log.py:228)
INFO:django.utils.autoreload: Watching for file changes with StatReloader (2020-10-12 20:07:09; autoreload.py:598)
INFO:django.utils.autoreload: C:\WORK\200525-proshop\proshop\store\models\brands.py changed, reloading. (2020-10-12 20:07:55; autoreload.py:222)
INFO:django.utils.autoreload: Watching for file changes with StatReloader (2020-10-12 20:08:25; autoreload.py:598)
INFO:django.utils.autoreload: Watching for file changes with StatReloader (2020-10-12 20:08:55; autoreload.py:598)
INFO:django.utils.autoreload: C:\WORK\200525-proshop\proshop\store\models\brands.py changed, reloading. (2020-10-12 20:09:51; autoreload.py:222)
INFO:django.utils.autoreload: Watching for file changes with StatReloader (2020-10-12 20:09:53; autoreload.py:598)
INFO:django.utils.autoreload: Watching for file changes with StatReloader (2020-10-12 20:10:10; autoreload.py:598)
ERROR:django.request: Internal Server Error: /admin/store/character/12/change/ (2020-10-12 20:15:39; log.py:228)
Traceback (most recent call last):
  File "C:\WORK\200525-proshop\proshop-env\lib\site-packages\django\core\handlers\exception.py", line 34, in inner
    response = get_response(request)
  File "C:\WORK\200525-proshop\proshop-env\lib\site-packages\django\core\handlers\base.py", line 115, in _get_response
    response = self.process_exception_by_middleware(e, request)
  File "C:\WORK\200525-proshop\proshop-env\lib\site-packages\django\core\handlers\base.py", line 113, in _get_response
    response = wrapped_callback(request, *callback_args, **callback_kwargs)
  File "C:\WORK\200525-proshop\proshop-env\lib\site-packages\django\contrib\admin\options.py", line 607, in wrapper
    return self.admin_site.admin_view(view)(*args, **kwargs)
  File "C:\WORK\200525-proshop\proshop-env\lib\site-packages\django\utils\decorators.py", line 130, in _wrapped_view
    response = view_func(request, *args, **kwargs)
  File "C:\WORK\200525-proshop\proshop-env\lib\site-packages\django\views\decorators\cache.py", line 44, in _wrapped_view_func
    response = view_func(request, *args, **kwargs)
  File "C:\WORK\200525-proshop\proshop-env\lib\site-packages\django\contrib\admin\sites.py", line 231, in inner
    return view(request, *args, **kwargs)
  File "C:\WORK\200525-proshop\proshop-env\lib\site-packages\django\contrib\admin\options.py", line 1641, in change_view
    return self.changeform_view(request, object_id, form_url, extra_context)
  File "C:\WORK\200525-proshop\proshop-env\lib\site-packages\django\utils\decorators.py", line 43, in _wrapper
    return bound_method(*args, **kwargs)
  File "C:\WORK\200525-proshop\proshop-env\lib\site-packages\django\utils\decorators.py", line 130, in _wrapped_view
    response = view_func(request, *args, **kwargs)
  File "C:\WORK\200525-proshop\proshop-env\lib\site-packages\django\contrib\admin\options.py", line 1522, in changeform_view
    return self._changeform_view(request, object_id, form_url, extra_context)
  File "C:\WORK\200525-proshop\proshop-env\lib\site-packages\django\contrib\admin\options.py", line 1583, in _changeform_view
    formsets, inline_instances = self._create_formsets(request, obj, change=True)
  File "C:\WORK\200525-proshop\proshop-env\lib\site-packages\django\contrib\admin\options.py", line 1954, in _create_formsets
    formset = FormSet(**formset_params)
  File "C:\WORK\200525-proshop\proshop-env\lib\site-packages\django\forms\models.py", line 900, in __init__
    qs = queryset.filter(**{self.fk.name: self.instance})
  File "C:\WORK\200525-proshop\proshop-env\lib\site-packages\django\db\models\query.py", line 904, in filter
    return self._filter_or_exclude(False, *args, **kwargs)
  File "C:\WORK\200525-proshop\proshop-env\lib\site-packages\django\db\models\query.py", line 923, in _filter_or_exclude
    clone.query.add_q(Q(*args, **kwargs))
  File "C:\WORK\200525-proshop\proshop-env\lib\site-packages\django\db\models\sql\query.py", line 1351, in add_q
    clause, _ = self._add_q(q_object, self.used_aliases)
  File "C:\WORK\200525-proshop\proshop-env\lib\site-packages\django\db\models\sql\query.py", line 1382, in _add_q
    check_filterable=check_filterable,
  File "C:\WORK\200525-proshop\proshop-env\lib\site-packages\django\db\models\sql\query.py", line 1264, in build_filter
    self.check_filterable(value)
  File "C:\WORK\200525-proshop\proshop-env\lib\site-packages\django\db\models\sql\query.py", line 1132, in check_filterable
    expression.__class__.__name__ + ' is disallowed in the filter '
django.db.utils.NotSupportedError: Character is disallowed in the filter clause.
ERROR:django.request: Internal Server Error: /admin/store/character/11/change/ (2020-10-12 20:16:08; log.py:228)
Traceback (most recent call last):
  File "C:\WORK\200525-proshop\proshop-env\lib\site-packages\django\core\handlers\exception.py", line 34, in inner
    response = get_response(request)
  File "C:\WORK\200525-proshop\proshop-env\lib\site-packages\django\core\handlers\base.py", line 115, in _get_response
    response = self.process_exception_by_middleware(e, request)
  File "C:\WORK\200525-proshop\proshop-env\lib\site-packages\django\core\handlers\base.py", line 113, in _get_response
    response = wrapped_callback(request, *callback_args, **callback_kwargs)
  File "C:\WORK\200525-proshop\proshop-env\lib\site-packages\django\contrib\admin\options.py", line 607, in wrapper
    return self.admin_site.admin_view(view)(*args, **kwargs)
  File "C:\WORK\200525-proshop\proshop-env\lib\site-packages\django\utils\decorators.py", line 130, in _wrapped_view
    response = view_func(request, *args, **kwargs)
  File "C:\WORK\200525-proshop\proshop-env\lib\site-packages\django\views\decorators\cache.py", line 44, in _wrapped_view_func
    response = view_func(request, *args, **kwargs)
  File "C:\WORK\200525-proshop\proshop-env\lib\site-packages\django\contrib\admin\sites.py", line 231, in inner
    return view(request, *args, **kwargs)
  File "C:\WORK\200525-proshop\proshop-env\lib\site-packages\django\contrib\admin\options.py", line 1641, in change_view
    return self.changeform_view(request, object_id, form_url, extra_context)
  File "C:\WORK\200525-proshop\proshop-env\lib\site-packages\django\utils\decorators.py", line 43, in _wrapper
    return bound_method(*args, **kwargs)
  File "C:\WORK\200525-proshop\proshop-env\lib\site-packages\django\utils\decorators.py", line 130, in _wrapped_view
    response = view_func(request, *args, **kwargs)
  File "C:\WORK\200525-proshop\proshop-env\lib\site-packages\django\contrib\admin\options.py", line 1522, in changeform_view
    return self._changeform_view(request, object_id, form_url, extra_context)
  File "C:\WORK\200525-proshop\proshop-env\lib\site-packages\django\contrib\admin\options.py", line 1583, in _changeform_view
    formsets, inline_instances = self._create_formsets(request, obj, change=True)
  File "C:\WORK\200525-proshop\proshop-env\lib\site-packages\django\contrib\admin\options.py", line 1954, in _create_formsets
    formset = FormSet(**formset_params)
  File "C:\WORK\200525-proshop\proshop-env\lib\site-packages\django\forms\models.py", line 900, in __init__
    qs = queryset.filter(**{self.fk.name: self.instance})
  File "C:\WORK\200525-proshop\proshop-env\lib\site-packages\django\db\models\query.py", line 904, in filter
    return self._filter_or_exclude(False, *args, **kwargs)
  File "C:\WORK\200525-proshop\proshop-env\lib\site-packages\django\db\models\query.py", line 923, in _filter_or_exclude
    clone.query.add_q(Q(*args, **kwargs))
  File "C:\WORK\200525-proshop\proshop-env\lib\site-packages\django\db\models\sql\query.py", line 1351, in add_q
    clause, _ = self._add_q(q_object, self.used_aliases)
  File "C:\WORK\200525-proshop\proshop-env\lib\site-packages\django\db\models\sql\query.py", line 1382, in _add_q
    check_filterable=check_filterable,
  File "C:\WORK\200525-proshop\proshop-env\lib\site-packages\django\db\models\sql\query.py", line 1264, in build_filter
    self.check_filterable(value)
  File "C:\WORK\200525-proshop\proshop-env\lib\site-packages\django\db\models\sql\query.py", line 1132, in check_filterable
    expression.__class__.__name__ + ' is disallowed in the filter '
django.db.utils.NotSupportedError: Character is disallowed in the filter clause.
